Fitter report for Processor
Wed Dec 12 00:35:12 2012
Quartus II Version 9.0 Build 235 06/17/2009 Service Pack 2 SJ Web Edition


---------------------
; Table of Contents ;
---------------------
  1. Legal Notice
  2. Fitter Summary
  3. Fitter Settings
  4. Parallel Compilation
  5. Fitter Device Options
  6. Input Pins
  7. Output Pins
  8. All Package Pins
  9. Control Signals
 10. Global & Other Fast Signals
 11. Carry Chains
 12. Cascade Chains
 13. Embedded Cells
 14. Non-Global High Fan-Out Signals
 15. Peripheral Signals
 16. LAB
 17. Local Routing Interconnect
 18. LAB External Interconnect
 19. Row Interconnect
 20. LAB Column Interconnect
 21. LAB Column Interconnect
 22. Fitter Resource Usage Summary
 23. Fitter Resource Utilization by Entity
 24. Delay Chain Summary
 25. Fitter RAM Summary
 26. Pin-Out File
 27. Fitter Messages



----------------
; Legal Notice ;
----------------
Copyright (C) 1991-2009 Altera Corporation
Your use of Altera Corporation's design tools, logic functions 
and other software and tools, and its AMPP partner logic 
functions, and any output files from any of the foregoing 
(including device programming or simulation files), and any 
associated documentation or information are expressly subject 
to the terms and conditions of the Altera Program License 
Subscription Agreement, Altera MegaCore Function License 
Agreement, or other applicable license agreement, including, 
without limitation, that your use is for the sole purpose of 
programming logic devices manufactured by Altera and sold by 
Altera or its authorized distributors.  Please refer to the 
applicable agreement for further details.



+----------------------------------------------------------------------+
; Fitter Summary                                                       ;
+-----------------------+----------------------------------------------+
; Fitter Status         ; Successful - Wed Dec 12 00:35:12 2012        ;
; Quartus II Version    ; 9.0 Build 235 06/17/2009 SP 2 SJ Web Edition ;
; Revision Name         ; Processor                                    ;
; Top-level Entity Name ; processor                                    ;
; Family                ; FLEX10K                                      ;
; Device                ; EPF10K70RC240-4                              ;
; Timing Models         ; Final                                        ;
; Total logic elements  ; 291 / 3,744 ( 8 % )                          ;
; Total pins            ; 87 / 189 ( 46 % )                            ;
; Total memory bits     ; 6,144 / 18,432 ( 33 % )                      ;
+-----------------------+----------------------------------------------+


+------------------------------------------------------------------------------------------------------+
; Fitter Settings                                                                                      ;
+------------------------------------------------------------+--------------------+--------------------+
; Option                                                     ; Setting            ; Default Value      ;
+------------------------------------------------------------+--------------------+--------------------+
; Device                                                     ; EPF10K70RC240-4    ;                    ;
; Use smart compilation                                      ; Off                ; Off                ;
; Use TimeQuest Timing Analyzer                              ; Off                ; Off                ;
; Router Timing Optimization Level                           ; Normal             ; Normal             ;
; Placement Effort Multiplier                                ; 1.0                ; 1.0                ;
; Router Effort Multiplier                                   ; 1.0                ; 1.0                ;
; Optimize Timing                                            ; Normal compilation ; Normal compilation ;
; Optimize Timing for ECOs                                   ; Off                ; Off                ;
; Regenerate full fit report during ECO compiles             ; Off                ; Off                ;
; Optimize IOC Register Placement for Timing                 ; On                 ; On                 ;
; Limit to One Fitting Attempt                               ; Off                ; Off                ;
; Final Placement Optimizations                              ; Automatically      ; Automatically      ;
; Fitter Aggressive Routability Optimizations                ; Automatically      ; Automatically      ;
; Fitter Initial Placement Seed                              ; 1                  ; 1                  ;
; Slow Slew Rate                                             ; Off                ; Off                ;
; Auto Global Memory Control Signals                         ; Off                ; Off                ;
; Logic Cell Insertion - Individual Logic Cells              ; On                 ; On                 ;
; Logic Cell Insertion - I/Os Fed By Carry or Cascade Chains ; On                 ; On                 ;
; Fitter Effort                                              ; Auto Fit           ; Auto Fit           ;
; Auto Global Clock                                          ; On                 ; On                 ;
; Auto Global Output Enable                                  ; On                 ; On                 ;
; Auto Global Register Control Signals                       ; On                 ; On                 ;
; Force Fitter to Avoid Periphery Placement Warnings         ; Off                ; Off                ;
+------------------------------------------------------------+--------------------+--------------------+


Parallel compilation was disabled, but you have multiple processors available. Enable parallel compilation to reduce compilation time.
+-------------------------------------+
; Parallel Compilation                ;
+----------------------------+--------+
; Processors                 ; Number ;
+----------------------------+--------+
; Number detected on machine ; 4      ;
; Maximum allowed            ; 1      ;
+----------------------------+--------+


+-------------------------------------------------------------------------+
; Fitter Device Options                                                   ;
+----------------------------------------------+--------------------------+
; Option                                       ; Setting                  ;
+----------------------------------------------+--------------------------+
; Enable user-supplied start-up clock (CLKUSR) ; Off                      ;
; Enable device-wide reset (DEV_CLRn)          ; Off                      ;
; Enable device-wide output enable (DEV_OE)    ; Off                      ;
; Enable INIT_DONE output                      ; Off                      ;
; Configuration scheme                         ; Passive Serial           ;
; nWS, nRS, nCS, CS                            ; Unreserved               ;
; RDYnBUSY                                     ; Unreserved               ;
; Data[7..1]                                   ; Unreserved               ;
; Reserve all unused pins                      ; As output driving ground ;
; Base pin-out file on sameframe device        ; Off                      ;
+----------------------------------------------+--------------------------+


+-----------------------------------------------------------------------------------------------------------------------------------------------------+
; Input Pins                                                                                                                                          ;
+---------------------+-------+-----+------+---------+--------+--------------+-------------------------+---------------+---------------+--------------+
; Name                ; Pin # ; Row ; Col. ; Fan-Out ; Global ; I/O Register ; Use Local Routing Input ; Power Up High ; Single-Pin CE ; I/O Standard ;
+---------------------+-------+-----+------+---------+--------+--------------+-------------------------+---------------+---------------+--------------+
; on-board_oscillator ; 91    ; --  ; --   ; 2       ; yes    ; no           ; no                      ; no            ; no            ; TTL          ;
; reset               ; 212   ; --  ; --   ; 2       ; yes    ; no           ; no                      ; no            ; no            ; TTL          ;
+---------------------+-------+-----+------+---------+--------+--------------+-------------------------+---------------+---------------+--------------+


+---------------------------------------------------------------------------------------------------------------------------------------------------------------------------------------------+
; Output Pins                                                                                                                                                                                 ;
+-----------------+-------+-----+------+--------------+--------------------------+---------------+----------------+---------------+---------------+------------+---------------+--------------+
; Name            ; Pin # ; Row ; Col. ; I/O Register ; Use Local Routing Output ; Power Up High ; Slow Slew Rate ; Single-Pin OE ; Single-Pin CE ; Open Drain ; TRI Primitive ; I/O Standard ;
+-----------------+-------+-----+------+--------------+--------------------------+---------------+----------------+---------------+---------------+------------+---------------+--------------+
; clocl_output    ; 107   ; --  ; 13   ; no           ; no                       ; no            ; no             ; no            ; no            ; no         ; no            ; TTL          ;
; alu_arg         ; 228   ; --  ; 40   ; no           ; no                       ; no            ; no             ; no            ; no            ; no         ; no            ; TTL          ;
; adder_output[7] ; 18    ;  B  ; --   ; no           ; no                       ; no            ; no             ; no            ; no            ; no         ; no            ; TTL          ;
; adder_output[6] ; 17    ;  B  ; --   ; no           ; no                       ; no            ; no             ; no            ; no            ; no         ; no            ; TTL          ;
; adder_output[5] ; 213   ; --  ; 27   ; no           ; no                       ; no            ; no             ; no            ; no            ; no         ; no            ; TTL          ;
; adder_output[4] ; 14    ;  B  ; --   ; no           ; no                       ; no            ; no             ; no            ; no            ; no         ; no            ; TTL          ;
; adder_output[3] ; 167   ;  B  ; --   ; no           ; no                       ; no            ; no             ; no            ; no            ; no         ; no            ; TTL          ;
; adder_output[2] ; 214   ; --  ; 28   ; no           ; no                       ; no            ; no             ; no            ; no            ; no         ; no            ; TTL          ;
; adder_output[1] ; 88    ; --  ; 27   ; no           ; no                       ; no            ; no             ; no            ; no            ; no         ; no            ; TTL          ;
; adder_output[0] ; 164   ;  C  ; --   ; no           ; no                       ; no            ; no             ; no            ; no            ; no         ; no            ; TTL          ;
; alu_mux_out[7]  ; 116   ; --  ; 5    ; no           ; no                       ; no            ; no             ; no            ; no            ; no         ; no            ; TTL          ;
; alu_mux_out[6]  ; 183   ; --  ; 5    ; no           ; no                       ; no            ; no             ; no            ; no            ; no         ; no            ; TTL          ;
; alu_mux_out[5]  ; 99    ; --  ; 19   ; no           ; no                       ; no            ; no             ; no            ; no            ; no         ; no            ; TTL          ;
; alu_mux_out[4]  ; 120   ; --  ; 1    ; no           ; no                       ; no            ; no             ; no            ; no            ; no         ; no            ; TTL          ;
; alu_mux_out[3]  ; 139   ;  G  ; --   ; no           ; no                       ; no            ; no             ; no            ; no            ; no         ; no            ; TTL          ;
; alu_mux_out[2]  ; 15    ;  B  ; --   ; no           ; no                       ; no            ; no             ; no            ; no            ; no         ; no            ; TTL          ;
; alu_mux_out[1]  ; 101   ; --  ; 17   ; no           ; no                       ; no            ; no             ; no            ; no            ; no         ; no            ; TTL          ;
; alu_mux_out[0]  ; 105   ; --  ; 15   ; no           ; no                       ; no            ; no             ; no            ; no            ; no         ; no            ; TTL          ;
; alu_op_code[2]  ; 102   ; --  ; 17   ; no           ; no                       ; no            ; no             ; no            ; no            ; no         ; no            ; TTL          ;
; alu_op_code[1]  ; 198   ; --  ; 18   ; no           ; no                       ; no            ; no             ; no            ; no            ; no         ; no            ; TTL          ;
; alu_op_code[0]  ; 94    ; --  ; 26   ; no           ; no                       ; no            ; no             ; no            ; no            ; no         ; no            ; TTL          ;
; alu_out[7]      ; 13    ;  B  ; --   ; no           ; no                       ; no            ; no             ; no            ; no            ; no         ; no            ; TTL          ;
; alu_out[6]      ; 6     ;  A  ; --   ; no           ; no                       ; no            ; no             ; no            ; no            ; no         ; no            ; TTL          ;
; alu_out[5]      ; 166   ;  B  ; --   ; no           ; no                       ; no            ; no             ; no            ; no            ; no         ; no            ; TTL          ;
; alu_out[4]      ; 66    ; --  ; 47   ; no           ; no                       ; no            ; no             ; no            ; no            ; no         ; no            ; TTL          ;
; alu_out[3]      ; 231   ; --  ; 44   ; no           ; no                       ; no            ; no             ; no            ; no            ; no         ; no            ; TTL          ;
; alu_out[2]      ; 95    ; --  ; 25   ; no           ; no                       ; no            ; no             ; no            ; no            ; no         ; no            ; TTL          ;
; alu_out[1]      ; 199   ; --  ; 20   ; no           ; no                       ; no            ; no             ; no            ; no            ; no         ; no            ; TTL          ;
; alu_out[0]      ; 191   ; --  ; 12   ; no           ; no                       ; no            ; no             ; no            ; no            ; no         ; no            ; TTL          ;
; mux_output[7]   ; 65    ; --  ; 47   ; no           ; no                       ; no            ; no             ; no            ; no            ; no         ; no            ; TTL          ;
; mux_output[6]   ; 222   ; --  ; 35   ; no           ; no                       ; no            ; no             ; no            ; no            ; no         ; no            ; TTL          ;
; mux_output[5]   ; 237   ; --  ; 48   ; no           ; no                       ; no            ; no             ; no            ; no            ; no         ; no            ; TTL          ;
; mux_output[4]   ; 41    ;  F  ; --   ; no           ; no                       ; no            ; no             ; no            ; no            ; no         ; no            ; TTL          ;
; mux_output[3]   ; 188   ; --  ; 10   ; no           ; no                       ; no            ; no             ; no            ; no            ; no         ; no            ; TTL          ;
; mux_output[2]   ; 81    ; --  ; 33   ; no           ; no                       ; no            ; no             ; no            ; no            ; no         ; no            ; TTL          ;
; mux_output[1]   ; 226   ; --  ; 38   ; no           ; no                       ; no            ; no             ; no            ; no            ; no         ; no            ; TTL          ;
; mux_output[0]   ; 223   ; --  ; 36   ; no           ; no                       ; no            ; no             ; no            ; no            ; no         ; no            ; TTL          ;
; pc[7]           ; 8     ;  A  ; --   ; no           ; no                       ; no            ; no             ; no            ; no            ; no         ; no            ; TTL          ;
; pc[6]           ; 21    ;  C  ; --   ; no           ; no                       ; no            ; no             ; no            ; no            ; no         ; no            ; TTL          ;
; pc[5]           ; 236   ; --  ; 48   ; no           ; no                       ; no            ; no             ; no            ; no            ; no         ; no            ; TTL          ;
; pc[4]           ; 79    ; --  ; 35   ; no           ; no                       ; no            ; no             ; no            ; no            ; no         ; no            ; TTL          ;
; pc[3]           ; 111   ; --  ; 9    ; no           ; no                       ; no            ; no             ; no            ; no            ; no         ; no            ; TTL          ;
; pc[2]           ; 221   ; --  ; 33   ; no           ; no                       ; no            ; no             ; no            ; no            ; no         ; no            ; TTL          ;
; pc[1]           ; 75    ; --  ; 37   ; no           ; no                       ; no            ; no             ; no            ; no            ; no         ; no            ; TTL          ;
; pc[0]           ; 175   ;  A  ; --   ; no           ; no                       ; no            ; no             ; no            ; no            ; no         ; no            ; TTL          ;
; register_one[7] ; 206   ; --  ; 24   ; no           ; no                       ; no            ; no             ; no            ; no            ; no         ; no            ; TTL          ;
; register_one[6] ; 201   ; --  ; 21   ; no           ; no                       ; no            ; no             ; no            ; no            ; no         ; no            ; TTL          ;
; register_one[5] ; 204   ; --  ; 24   ; no           ; no                       ; no            ; no             ; no            ; no            ; no         ; no            ; TTL          ;
; register_one[4] ; 203   ; --  ; 22   ; no           ; no                       ; no            ; no             ; no            ; no            ; no         ; no            ; TTL          ;
; register_one[3] ; 193   ; --  ; 14   ; no           ; no                       ; no            ; no             ; no            ; no            ; no         ; no            ; TTL          ;
; register_one[2] ; 87    ; --  ; 28   ; no           ; no                       ; no            ; no             ; no            ; no            ; no         ; no            ; TTL          ;
; register_one[1] ; 12    ;  B  ; --   ; no           ; no                       ; no            ; no             ; no            ; no            ; no         ; no            ; TTL          ;
; register_one[0] ; 103   ; --  ; 16   ; no           ; no                       ; no            ; no             ; no            ; no            ; no         ; no            ; TTL          ;
; register_two[7] ; 97    ; --  ; 23   ; no           ; no                       ; no            ; no             ; no            ; no            ; no         ; no            ; TTL          ;
; register_two[6] ; 174   ;  A  ; --   ; no           ; no                       ; no            ; no             ; no            ; no            ; no         ; no            ; TTL          ;
; register_two[5] ; 168   ;  B  ; --   ; no           ; no                       ; no            ; no             ; no            ; no            ; no         ; no            ; TTL          ;
; register_two[4] ; 202   ; --  ; 22   ; no           ; no                       ; no            ; no             ; no            ; no            ; no         ; no            ; TTL          ;
; register_two[3] ; 106   ; --  ; 14   ; no           ; no                       ; no            ; no             ; no            ; no            ; no         ; no            ; TTL          ;
; register_two[2] ; 169   ;  B  ; --   ; no           ; no                       ; no            ; no             ; no            ; no            ; no         ; no            ; TTL          ;
; register_two[1] ; 138   ;  G  ; --   ; no           ; no                       ; no            ; no             ; no            ; no            ; no         ; no            ; TTL          ;
; register_two[0] ; 194   ; --  ; 15   ; no           ; no                       ; no            ; no             ; no            ; no            ; no         ; no            ; TTL          ;
; rom_output[15]  ; 131   ;  H  ; --   ; no           ; no                       ; no            ; no             ; no            ; no            ; no         ; no            ; TTL          ;
; rom_output[14]  ; 142   ;  G  ; --   ; no           ; no                       ; no            ; no             ; no            ; no            ; no         ; no            ; TTL          ;
; rom_output[13]  ; 25    ;  D  ; --   ; no           ; no                       ; no            ; no             ; no            ; no            ; no         ; no            ; TTL          ;
; rom_output[12]  ; 158   ;  D  ; --   ; no           ; no                       ; no            ; no             ; no            ; no            ; no         ; no            ; TTL          ;
; rom_output[11]  ; 20    ;  C  ; --   ; no           ; no                       ; no            ; no             ; no            ; no            ; no         ; no            ; TTL          ;
; rom_output[10]  ; 173   ;  A  ; --   ; no           ; no                       ; no            ; no             ; no            ; no            ; no         ; no            ; TTL          ;
; rom_output[9]   ; 128   ;  I  ; --   ; no           ; no                       ; no            ; no             ; no            ; no            ; no         ; no            ; TTL          ;
; rom_output[8]   ; 161   ;  C  ; --   ; no           ; no                       ; no            ; no             ; no            ; no            ; no         ; no            ; TTL          ;
; rom_output[7]   ; 7     ;  A  ; --   ; no           ; no                       ; no            ; no             ; no            ; no            ; no         ; no            ; TTL          ;
; rom_output[6]   ; 151   ;  E  ; --   ; no           ; no                       ; no            ; no             ; no            ; no            ; no         ; no            ; TTL          ;
; rom_output[5]   ; 55    ;  I  ; --   ; no           ; no                       ; no            ; no             ; no            ; no            ; no         ; no            ; TTL          ;
; rom_output[4]   ; 172   ;  A  ; --   ; no           ; no                       ; no            ; no             ; no            ; no            ; no         ; no            ; TTL          ;
; rom_output[3]   ; 31    ;  E  ; --   ; no           ; no                       ; no            ; no             ; no            ; no            ; no         ; no            ; TTL          ;
; rom_output[2]   ; 157   ;  D  ; --   ; no           ; no                       ; no            ; no             ; no            ; no            ; no         ; no            ; TTL          ;
; rom_output[1]   ; 149   ;  E  ; --   ; no           ; no                       ; no            ; no             ; no            ; no            ; no         ; no            ; TTL          ;
; rom_output[0]   ; 152   ;  E  ; --   ; no           ; no                       ; no            ; no             ; no            ; no            ; no         ; no            ; TTL          ;
; mem_alu_mux[7]  ; 209   ; --  ; 26   ; no           ; no                       ; no            ; no             ; no            ; no            ; no         ; no            ; TTL          ;
; mem_alu_mux[6]  ; 217   ; --  ; 31   ; no           ; no                       ; no            ; no             ; no            ; no            ; no         ; no            ; TTL          ;
; mem_alu_mux[5]  ; 70    ; --  ; 44   ; no           ; no                       ; no            ; no             ; no            ; no            ; no         ; no            ; TTL          ;
; mem_alu_mux[4]  ; 192   ; --  ; 12   ; no           ; no                       ; no            ; no             ; no            ; no            ; no         ; no            ; TTL          ;
; mem_alu_mux[3]  ; 144   ;  F  ; --   ; no           ; no                       ; no            ; no             ; no            ; no            ; no         ; no            ; TTL          ;
; mem_alu_mux[2]  ; 235   ; --  ; 46   ; no           ; no                       ; no            ; no             ; no            ; no            ; no         ; no            ; TTL          ;
; mem_alu_mux[1]  ; 184   ; --  ; 6    ; no           ; no                       ; no            ; no             ; no            ; no            ; no         ; no            ; TTL          ;
; mem_alu_mux[0]  ; 154   ;  E  ; --   ; no           ; no                       ; no            ; no             ; no            ; no            ; no         ; no            ; TTL          ;
+-----------------+-------+-----+------+--------------+--------------------------+---------------+----------------+---------------+---------------+------------+---------------+--------------+


+--------------------------------------------+
; All Package Pins                           ;
+-------+---------------------+--------------+
; Pin # ; Usage               ; I/O Standard ;
+-------+---------------------+--------------+
; 1     ; #TCK                ;              ;
; 2     ; ^CONF_DONE          ;              ;
; 3     ; ^nCEO               ;              ;
; 4     ; #TDO                ;              ;
; 5     ; VCC_INT             ;              ;
; 6     ; alu_out[6]          ; TTL          ;
; 7     ; rom_output[7]       ; TTL          ;
; 8     ; pc[7]               ; TTL          ;
; 9     ; GND*                ;              ;
; 10    ; GND_INT             ;              ;
; 11    ; GND*                ;              ;
; 12    ; register_one[1]     ; TTL          ;
; 13    ; alu_out[7]          ; TTL          ;
; 14    ; adder_output[4]     ; TTL          ;
; 15    ; alu_mux_out[2]      ; TTL          ;
; 16    ; VCC_INT             ;              ;
; 17    ; adder_output[6]     ; TTL          ;
; 18    ; adder_output[7]     ; TTL          ;
; 19    ; GND*                ;              ;
; 20    ; rom_output[11]      ; TTL          ;
; 21    ; pc[6]               ; TTL          ;
; 22    ; GND_INT             ;              ;
; 23    ; GND*                ;              ;
; 24    ; GND*                ;              ;
; 25    ; rom_output[13]      ; TTL          ;
; 26    ; GND*                ;              ;
; 27    ; VCC_INT             ;              ;
; 28    ; GND*                ;              ;
; 29    ; GND*                ;              ;
; 30    ; GND*                ;              ;
; 31    ; rom_output[3]       ; TTL          ;
; 32    ; GND_INT             ;              ;
; 33    ; GND*                ;              ;
; 34    ; GND*                ;              ;
; 35    ; GND*                ;              ;
; 36    ; GND*                ;              ;
; 37    ; VCC_INT             ;              ;
; 38    ; GND*                ;              ;
; 39    ; GND*                ;              ;
; 40    ; GND*                ;              ;
; 41    ; mux_output[4]       ; TTL          ;
; 42    ; GND_INT             ;              ;
; 43    ; GND*                ;              ;
; 44    ; GND*                ;              ;
; 45    ; GND*                ;              ;
; 46    ; GND*                ;              ;
; 47    ; VCC_INT             ;              ;
; 48    ; GND*                ;              ;
; 49    ; GND*                ;              ;
; 50    ; GND*                ;              ;
; 51    ; GND*                ;              ;
; 52    ; GND_INT             ;              ;
; 53    ; GND*                ;              ;
; 54    ; GND*                ;              ;
; 55    ; rom_output[5]       ; TTL          ;
; 56    ; GND*                ;              ;
; 57    ; VCC_INT             ;              ;
; 58    ; #TMS                ;              ;
; 59    ; #TRST               ;              ;
; 60    ; ^nSTATUS            ;              ;
; 61    ; GND*                ;              ;
; 62    ; GND*                ;              ;
; 63    ; GND*                ;              ;
; 64    ; GND*                ;              ;
; 65    ; mux_output[7]       ; TTL          ;
; 66    ; alu_out[4]          ; TTL          ;
; 67    ; GND*                ;              ;
; 68    ; GND*                ;              ;
; 69    ; GND_INT             ;              ;
; 70    ; mem_alu_mux[5]      ; TTL          ;
; 71    ; GND*                ;              ;
; 72    ; GND*                ;              ;
; 73    ; GND*                ;              ;
; 74    ; GND*                ;              ;
; 75    ; pc[1]               ; TTL          ;
; 76    ; GND*                ;              ;
; 77    ; VCC_INT             ;              ;
; 78    ; GND*                ;              ;
; 79    ; pc[4]               ; TTL          ;
; 80    ; GND*                ;              ;
; 81    ; mux_output[2]       ; TTL          ;
; 82    ; GND*                ;              ;
; 83    ; GND*                ;              ;
; 84    ; GND*                ;              ;
; 85    ; GND_INT             ;              ;
; 86    ; GND*                ;              ;
; 87    ; register_one[2]     ; TTL          ;
; 88    ; adder_output[1]     ; TTL          ;
; 89    ; VCC_INT             ;              ;
; 90    ; GND+                ;              ;
; 91    ; on-board_oscillator ; TTL          ;
; 92    ; GND+                ;              ;
; 93    ; GND_INT             ;              ;
; 94    ; alu_op_code[0]      ; TTL          ;
; 95    ; alu_out[2]          ; TTL          ;
; 96    ; VCC_INT             ;              ;
; 97    ; register_two[7]     ; TTL          ;
; 98    ; GND*                ;              ;
; 99    ; alu_mux_out[5]      ; TTL          ;
; 100   ; GND*                ;              ;
; 101   ; alu_mux_out[1]      ; TTL          ;
; 102   ; alu_op_code[2]      ; TTL          ;
; 103   ; register_one[0]     ; TTL          ;
; 104   ; GND_INT             ;              ;
; 105   ; alu_mux_out[0]      ; TTL          ;
; 106   ; register_two[3]     ; TTL          ;
; 107   ; clocl_output        ; TTL          ;
; 108   ; GND*                ;              ;
; 109   ; GND*                ;              ;
; 110   ; GND*                ;              ;
; 111   ; pc[3]               ; TTL          ;
; 112   ; VCC_INT             ;              ;
; 113   ; GND*                ;              ;
; 114   ; GND*                ;              ;
; 115   ; GND*                ;              ;
; 116   ; alu_mux_out[7]      ; TTL          ;
; 117   ; GND*                ;              ;
; 118   ; GND*                ;              ;
; 119   ; GND*                ;              ;
; 120   ; alu_mux_out[4]      ; TTL          ;
; 121   ; ^nCONFIG            ;              ;
; 122   ; VCC_INT             ;              ;
; 123   ; ^MSEL1              ;              ;
; 124   ; ^MSEL0              ;              ;
; 125   ; GND_INT             ;              ;
; 126   ; GND*                ;              ;
; 127   ; GND*                ;              ;
; 128   ; rom_output[9]       ; TTL          ;
; 129   ; GND*                ;              ;
; 130   ; VCC_INT             ;              ;
; 131   ; rom_output[15]      ; TTL          ;
; 132   ; GND*                ;              ;
; 133   ; GND*                ;              ;
; 134   ; GND*                ;              ;
; 135   ; GND_INT             ;              ;
; 136   ; GND*                ;              ;
; 137   ; GND*                ;              ;
; 138   ; register_two[1]     ; TTL          ;
; 139   ; alu_mux_out[3]      ; TTL          ;
; 140   ; VCC_INT             ;              ;
; 141   ; GND*                ;              ;
; 142   ; rom_output[14]      ; TTL          ;
; 143   ; GND*                ;              ;
; 144   ; mem_alu_mux[3]      ; TTL          ;
; 145   ; GND_INT             ;              ;
; 146   ; GND*                ;              ;
; 147   ; GND*                ;              ;
; 148   ; GND*                ;              ;
; 149   ; rom_output[1]       ; TTL          ;
; 150   ; VCC_INT             ;              ;
; 151   ; rom_output[6]       ; TTL          ;
; 152   ; rom_output[0]       ; TTL          ;
; 153   ; GND*                ;              ;
; 154   ; mem_alu_mux[0]      ; TTL          ;
; 155   ; GND_INT             ;              ;
; 156   ; GND*                ;              ;
; 157   ; rom_output[2]       ; TTL          ;
; 158   ; rom_output[12]      ; TTL          ;
; 159   ; GND*                ;              ;
; 160   ; VCC_INT             ;              ;
; 161   ; rom_output[8]       ; TTL          ;
; 162   ; GND*                ;              ;
; 163   ; GND*                ;              ;
; 164   ; adder_output[0]     ; TTL          ;
; 165   ; GND_INT             ;              ;
; 166   ; alu_out[5]          ; TTL          ;
; 167   ; adder_output[3]     ; TTL          ;
; 168   ; register_two[5]     ; TTL          ;
; 169   ; register_two[2]     ; TTL          ;
; 170   ; VCC_INT             ;              ;
; 171   ; GND*                ;              ;
; 172   ; rom_output[4]       ; TTL          ;
; 173   ; rom_output[10]      ; TTL          ;
; 174   ; register_two[6]     ; TTL          ;
; 175   ; pc[0]               ; TTL          ;
; 176   ; GND_INT             ;              ;
; 177   ; #TDI                ;              ;
; 178   ; ^nCE                ;              ;
; 179   ; ^DCLK               ;              ;
; 180   ; ^DATA0              ;              ;
; 181   ; GND*                ;              ;
; 182   ; GND*                ;              ;
; 183   ; alu_mux_out[6]      ; TTL          ;
; 184   ; mem_alu_mux[1]      ; TTL          ;
; 185   ; GND*                ;              ;
; 186   ; GND*                ;              ;
; 187   ; GND*                ;              ;
; 188   ; mux_output[3]       ; TTL          ;
; 189   ; VCC_INT             ;              ;
; 190   ; GND*                ;              ;
; 191   ; alu_out[0]          ; TTL          ;
; 192   ; mem_alu_mux[4]      ; TTL          ;
; 193   ; register_one[3]     ; TTL          ;
; 194   ; register_two[0]     ; TTL          ;
; 195   ; GND*                ;              ;
; 196   ; GND*                ;              ;
; 197   ; GND_INT             ;              ;
; 198   ; alu_op_code[1]      ; TTL          ;
; 199   ; alu_out[1]          ; TTL          ;
; 200   ; GND*                ;              ;
; 201   ; register_one[6]     ; TTL          ;
; 202   ; register_two[4]     ; TTL          ;
; 203   ; register_one[4]     ; TTL          ;
; 204   ; register_one[5]     ; TTL          ;
; 205   ; VCC_INT             ;              ;
; 206   ; register_one[7]     ; TTL          ;
; 207   ; GND*                ;              ;
; 208   ; GND*                ;              ;
; 209   ; mem_alu_mux[7]      ; TTL          ;
; 210   ; GND+                ;              ;
; 211   ; GND+                ;              ;
; 212   ; reset               ; TTL          ;
; 213   ; adder_output[5]     ; TTL          ;
; 214   ; adder_output[2]     ; TTL          ;
; 215   ; GND*                ;              ;
; 216   ; GND_INT             ;              ;
; 217   ; mem_alu_mux[6]      ; TTL          ;
; 218   ; GND*                ;              ;
; 219   ; GND*                ;              ;
; 220   ; GND*                ;              ;
; 221   ; pc[2]               ; TTL          ;
; 222   ; mux_output[6]       ; TTL          ;
; 223   ; mux_output[0]       ; TTL          ;
; 224   ; VCC_INT             ;              ;
; 225   ; GND*                ;              ;
; 226   ; mux_output[1]       ; TTL          ;
; 227   ; GND*                ;              ;
; 228   ; alu_arg             ; TTL          ;
; 229   ; GND*                ;              ;
; 230   ; GND*                ;              ;
; 231   ; alu_out[3]          ; TTL          ;
; 232   ; GND_INT             ;              ;
; 233   ; GND*                ;              ;
; 234   ; GND*                ;              ;
; 235   ; mem_alu_mux[2]      ; TTL          ;
; 236   ; pc[5]               ; TTL          ;
; 237   ; mux_output[5]       ; TTL          ;
; 238   ; GND*                ;              ;
; 239   ; GND*                ;              ;
; 240   ; GND*                ;              ;
+-------+---------------------+--------------+


+-----------------------------------------------------------------------------------+
; Control Signals                                                                   ;
+---------------------------------+---------+---------+--------------+--------------+
; Name                            ; Pin #   ; Fan-Out ; Usage        ; Global Usage ;
+---------------------------------+---------+---------+--------------+--------------+
; Clock1Hz:inst21|clockTmp        ; LC1_D13 ; 70      ; Clock        ; Internal     ;
; controller:inst3|MemWrite       ; LC8_B39 ; 8       ; Write enable ; Non-global   ;
; on-board_oscillator             ; 91      ; 2       ; Clock        ; Pin          ;
; Clock1Hz:inst21|cnt             ; LC2_D13 ; 2       ; Clock enable ; Non-global   ;
; reset                           ; 212     ; 2       ; Async. clear ; Pin          ;
; program_counter:inst|a_out[0]~3 ; LC7_B26 ; 1       ; Sync. load   ; Non-global   ;
+---------------------------------+---------+---------+--------------+--------------+


+-------------------------------------------------------+
; Global & Other Fast Signals                           ;
+--------------------------+---------+---------+--------+
; Name                     ; Pin #   ; Fan-Out ; Global ;
+--------------------------+---------+---------+--------+
; Clock1Hz:inst21|clockTmp ; LC1_D13 ; 70      ; yes    ;
; on-board_oscillator      ; 91      ; 2       ; yes    ;
; reset                    ; 212     ; 2       ; yes    ;
+--------------------------+---------+---------+--------+


+---------------------------------------------+
; Carry Chains                                ;
+--------------------+------------------------+
; Carry Chain Length ; Number of Carry Chains ;
+--------------------+------------------------+
; 0                  ; 0                      ;
; 1                  ; 0                      ;
; 2                  ; 0                      ;
; 3                  ; 0                      ;
; 4                  ; 0                      ;
; 5                  ; 0                      ;
; 6                  ; 0                      ;
; 7                  ; 0                      ;
; 8                  ; 3                      ;
+--------------------+------------------------+


+----------------+
; Cascade Chains ;
+--------+-------+
; Length ; Count ;
+--------+-------+
; 2      ; 11    ;
+--------+-------+


+---------------------------------------------------------------------------------------------+
; Embedded Cells                                                                              ;
+--------+---------------------------------------------------------------------+------+-------+
; Cell # ; Name                                                                ; Mode ; Turbo ;
+--------+---------------------------------------------------------------------+------+-------+
; EC2_C  ; lpm_rom0:inst2|lpm_rom:lpm_rom_component|altrom:srom|q[4]           ; RAM  ; Off   ;
; EC3_C  ; lpm_rom0:inst2|lpm_rom:lpm_rom_component|altrom:srom|q[6]           ; RAM  ; Off   ;
; EC5_C  ; lpm_rom0:inst2|lpm_rom:lpm_rom_component|altrom:srom|q[15]          ; RAM  ; Off   ;
; EC8_C  ; lpm_rom0:inst2|lpm_rom:lpm_rom_component|altrom:srom|q[14]          ; RAM  ; Off   ;
; EC1_C  ; lpm_rom0:inst2|lpm_rom:lpm_rom_component|altrom:srom|q[13]          ; RAM  ; Off   ;
; EC4_C  ; lpm_rom0:inst2|lpm_rom:lpm_rom_component|altrom:srom|q[12]          ; RAM  ; Off   ;
; EC7_C  ; lpm_rom0:inst2|lpm_rom:lpm_rom_component|altrom:srom|q[11]          ; RAM  ; Off   ;
; EC6_C  ; lpm_rom0:inst2|lpm_rom:lpm_rom_component|altrom:srom|q[8]           ; RAM  ; Off   ;
; EC1_A  ; lpm_rom0:inst2|lpm_rom:lpm_rom_component|altrom:srom|q[10]          ; RAM  ; Off   ;
; EC3_A  ; lpm_rom0:inst2|lpm_rom:lpm_rom_component|altrom:srom|q[3]           ; RAM  ; Off   ;
; EC5_A  ; lpm_rom0:inst2|lpm_rom:lpm_rom_component|altrom:srom|q[9]           ; RAM  ; Off   ;
; EC4_A  ; lpm_rom0:inst2|lpm_rom:lpm_rom_component|altrom:srom|q[5]           ; RAM  ; Off   ;
; EC2_A  ; lpm_rom0:inst2|lpm_rom:lpm_rom_component|altrom:srom|q[2]           ; RAM  ; Off   ;
; EC6_A  ; lpm_rom0:inst2|lpm_rom:lpm_rom_component|altrom:srom|q[1]           ; RAM  ; Off   ;
; EC7_A  ; lpm_rom0:inst2|lpm_rom:lpm_rom_component|altrom:srom|q[0]           ; RAM  ; Off   ;
; EC8_A  ; lpm_rom0:inst2|lpm_rom:lpm_rom_component|altrom:srom|q[7]           ; RAM  ; Off   ;
; EC4_B  ; lpm_ram_dq0:inst13|lpm_ram_dq:lpm_ram_dq_component|altram:sram|q[7] ; RAM  ; Off   ;
; EC7_B  ; lpm_ram_dq0:inst13|lpm_ram_dq:lpm_ram_dq_component|altram:sram|q[6] ; RAM  ; Off   ;
; EC6_B  ; lpm_ram_dq0:inst13|lpm_ram_dq:lpm_ram_dq_component|altram:sram|q[5] ; RAM  ; Off   ;
; EC1_B  ; lpm_ram_dq0:inst13|lpm_ram_dq:lpm_ram_dq_component|altram:sram|q[4] ; RAM  ; Off   ;
; EC2_B  ; lpm_ram_dq0:inst13|lpm_ram_dq:lpm_ram_dq_component|altram:sram|q[3] ; RAM  ; Off   ;
; EC3_B  ; lpm_ram_dq0:inst13|lpm_ram_dq:lpm_ram_dq_component|altram:sram|q[2] ; RAM  ; Off   ;
; EC8_B  ; lpm_ram_dq0:inst13|lpm_ram_dq:lpm_ram_dq_component|altram:sram|q[1] ; RAM  ; Off   ;
; EC5_B  ; lpm_ram_dq0:inst13|lpm_ram_dq:lpm_ram_dq_component|altram:sram|q[0] ; RAM  ; Off   ;
+--------+---------------------------------------------------------------------+------+-------+


+------------------------------------------------------------------------------------------------+
; Non-Global High Fan-Out Signals                                                                ;
+--------------------------------------------------------------------------------------+---------+
; Name                                                                                 ; Fan-Out ;
+--------------------------------------------------------------------------------------+---------+
; controller:inst3|ALUArg~0                                                            ; 54      ;
; lpm_rom0:inst2|lpm_rom:lpm_rom_component|altrom:srom|q[0]                            ; 34      ;
; lpm_rom0:inst2|lpm_rom:lpm_rom_component|altrom:srom|q[2]                            ; 33      ;
; controller:inst3|ALUSrc~0                                                            ; 28      ;
; eightbit_register_file:inst9|regfile~130                                             ; 24      ;
; mux:inst14|mux1_out[1]~22                                                            ; 21      ;
; adder:inst4|lpm_add_sub:Add0|addcore:adder|a_csnbuffer:result_node|cs_buffer[0]~COUT ; 20      ;
; alu_control:inst1|result[1]~7                                                        ; 20      ;
; program_counter:inst|a_out[3]~9                                                      ; 18      ;
; program_counter:inst|a_out[5]~7                                                      ; 18      ;
; program_counter:inst|a_out[1]~11                                                     ; 18      ;
; program_counter:inst|a_out[6]~6                                                      ; 18      ;
; program_counter:inst|a_out[2]~10                                                     ; 18      ;
; program_counter:inst|a_out[4]~8                                                      ; 18      ;
; controller:inst3|ALUOp[2]~0                                                          ; 18      ;
; program_counter:inst|a_out[7]~5                                                      ; 18      ;
; lpm_rom0:inst2|lpm_rom:lpm_rom_component|altrom:srom|q[7]                            ; 17      ;
; inst20~1                                                                             ; 17      ;
; mux_3bit:inst10|mux2_out[1]~5                                                        ; 16      ;
; eightbit_register_file:inst9|regfile~120                                             ; 14      ;
; lpm_rom0:inst2|lpm_rom:lpm_rom_component|altrom:srom|q[14]                           ; 13      ;
; lpm_rom0:inst2|lpm_rom:lpm_rom_component|altrom:srom|q[12]                           ; 13      ;
; lpm_rom0:inst2|lpm_rom:lpm_rom_component|altrom:srom|q[15]                           ; 13      ;
; alu_control:inst1|result[0]~8                                                        ; 13      ;
; lpm_rom0:inst2|lpm_rom:lpm_rom_component|altrom:srom|q[13]                           ; 12      ;
; lpm_rom0:inst2|lpm_rom:lpm_rom_component|altrom:srom|q[5]                            ; 11      ;
; alu:inst12|Mux7~11                                                                   ; 11      ;
; alu:inst12|Mux6~25                                                                   ; 11      ;
; eightbit_register_file:inst9|regfile~138                                             ; 10      ;
; eightbit_register_file:inst9|regfile~132                                             ; 10      ;
; eightbit_register_file:inst9|regfile~140                                             ; 10      ;
; eightbit_register_file:inst9|regfile~134                                             ; 9       ;
; eightbit_register_file:inst9|regfile~146                                             ; 9       ;
; eightbit_register_file:inst9|regfile~144                                             ; 9       ;
; eightbit_register_file:inst9|regfile~142                                             ; 9       ;
; alu:inst12|ShiftLeft0~45                                                             ; 9       ;
; lpm_ram_dq0:inst13|lpm_ram_dq:lpm_ram_dq_component|altram:sram|segment[0][7]~11      ; 9       ;
; lpm_ram_dq0:inst13|lpm_ram_dq:lpm_ram_dq_component|altram:sram|segment[0][7]~7       ; 9       ;
; lpm_ram_dq0:inst13|lpm_ram_dq:lpm_ram_dq_component|altram:sram|segment[0][7]~6       ; 9       ;
; lpm_ram_dq0:inst13|lpm_ram_dq:lpm_ram_dq_component|altram:sram|segment[0][7]~10      ; 9       ;
; lpm_ram_dq0:inst13|lpm_ram_dq:lpm_ram_dq_component|altram:sram|segment[0][7]~9       ; 9       ;
; lpm_ram_dq0:inst13|lpm_ram_dq:lpm_ram_dq_component|altram:sram|segment[0][7]~8       ; 9       ;
; lpm_rom0:inst2|lpm_rom:lpm_rom_component|altrom:srom|q[6]                            ; 9       ;
; controller:inst3|JumpDest~0                                                          ; 9       ;
; controller:inst3|MemtoReg~0                                                          ; 8       ;
; lpm_rom0:inst2|lpm_rom:lpm_rom_component|altrom:srom|q[1]                            ; 8       ;
; rtl~5                                                                                ; 8       ;
; mux_3bit:inst10|mux2_out[0]~6                                                        ; 8       ;
; rtl~6                                                                                ; 8       ;
; rtl~4                                                                                ; 8       ;
+--------------------------------------------------------------------------------------+---------+


+-----------------------------------------------------------------------------------------------------+
; Peripheral Signals                                                                                  ;
+--------------------------+---------+-------+-----------------+---------------------------+----------+
; Peripheral Signal        ; Source  ; Usage ; Dedicated Clock ; Peripheral Control Signal ; Polarity ;
+--------------------------+---------+-------+-----------------+---------------------------+----------+
; Clock1Hz:inst21|clockTmp ; LC1_D13 ; Clock ; no              ; yes                       ; +ve      ;
+--------------------------+---------+-------+-----------------+---------------------------+----------+


+-------------------------------------------+
; LAB                                       ;
+--------------------------+----------------+
; Number of Logic Elements ; Number of LABs ;
+--------------------------+----------------+
; 0                        ; 422            ;
; 1                        ; 6              ;
; 2                        ; 1              ;
; 3                        ; 3              ;
; 4                        ; 1              ;
; 5                        ; 1              ;
; 6                        ; 1              ;
; 7                        ; 5              ;
; 8                        ; 28             ;
+--------------------------+----------------+


+----------------------------------------------+
; Local Routing Interconnect                   ;
+-----------------------------+----------------+
; Local Routing Interconnects ; Number of LABs ;
+-----------------------------+----------------+
; 0                           ; 433            ;
; 1                           ; 1              ;
; 2                           ; 4              ;
; 3                           ; 7              ;
; 4                           ; 4              ;
; 5                           ; 10             ;
; 6                           ; 8              ;
; 7                           ; 1              ;
+-----------------------------+----------------+


+---------------------------------------------+
; LAB External Interconnect                   ;
+----------------------------+----------------+
; LAB External Interconnects ; Number of LABs ;
+----------------------------+----------------+
; 0 - 1                      ; 428            ;
; 2 - 3                      ; 2              ;
; 4 - 5                      ; 3              ;
; 6 - 7                      ; 1              ;
; 8 - 9                      ; 6              ;
; 10 - 11                    ; 16             ;
; 12 - 13                    ; 3              ;
; 14 - 15                    ; 7              ;
; 16 - 17                    ; 1              ;
; 18 - 19                    ; 1              ;
+----------------------------+----------------+


+------------------------------------------------------------------------------------------+
; Row Interconnect                                                                         ;
+-------+---------------------+-----------------------------+------------------------------+
; Row   ; Interconnect Used   ; Left Half Interconnect Used ; Right Half Interconnect Used ;
+-------+---------------------+-----------------------------+------------------------------+
;  A    ;  14 / 208 ( 7 % )   ;  3 / 104 ( 3 % )            ;  2 / 104 ( 2 % )             ;
;  B    ;  96 / 208 ( 46 % )  ;  72 / 104 ( 69 % )          ;  27 / 104 ( 26 % )           ;
;  C    ;  15 / 208 ( 7 % )   ;  1 / 104 ( < 1 % )          ;  1 / 104 ( < 1 % )           ;
;  D    ;  3 / 208 ( 1 % )    ;  0 / 104 ( 0 % )            ;  0 / 104 ( 0 % )             ;
;  E    ;  4 / 208 ( 2 % )    ;  0 / 104 ( 0 % )            ;  0 / 104 ( 0 % )             ;
;  F    ;  0 / 208 ( 0 % )    ;  0 / 104 ( 0 % )            ;  1 / 104 ( < 1 % )           ;
;  G    ;  1 / 208 ( < 1 % )  ;  2 / 104 ( 2 % )            ;  0 / 104 ( 0 % )             ;
;  H    ;  1 / 208 ( < 1 % )  ;  0 / 104 ( 0 % )            ;  0 / 104 ( 0 % )             ;
;  I    ;  1 / 208 ( < 1 % )  ;  0 / 104 ( 0 % )            ;  1 / 104 ( < 1 % )           ;
; Total ;  135 / 1872 ( 7 % ) ;  78 / 936 ( 8 % )           ;  32 / 936 ( 3 % )            ;
+-------+---------------------+-----------------------------+------------------------------+


+----------------------------+
; LAB Column Interconnect    ;
+-------+--------------------+
; Col.  ; Interconnect Used  ;
+-------+--------------------+
; 1     ;  1 / 24 ( 4 % )    ;
; 2     ;  0 / 24 ( 0 % )    ;
; 3     ;  0 / 24 ( 0 % )    ;
; 4     ;  0 / 24 ( 0 % )    ;
; 5     ;  2 / 24 ( 8 % )    ;
; 6     ;  0 / 24 ( 0 % )    ;
; 7     ;  0 / 24 ( 0 % )    ;
; 8     ;  0 / 24 ( 0 % )    ;
; 9     ;  1 / 24 ( 4 % )    ;
; 10    ;  2 / 24 ( 8 % )    ;
; 11    ;  0 / 24 ( 0 % )    ;
; 12    ;  1 / 24 ( 4 % )    ;
; 13    ;  1 / 24 ( 4 % )    ;
; 14    ;  3 / 24 ( 13 % )   ;
; 15    ;  2 / 24 ( 8 % )    ;
; 16    ;  2 / 24 ( 8 % )    ;
; 17    ;  2 / 24 ( 8 % )    ;
; 18    ;  1 / 24 ( 4 % )    ;
; 19    ;  1 / 24 ( 4 % )    ;
; 20    ;  1 / 24 ( 4 % )    ;
; 21    ;  2 / 24 ( 8 % )    ;
; 22    ;  2 / 24 ( 8 % )    ;
; 23    ;  1 / 24 ( 4 % )    ;
; 24    ;  2 / 24 ( 8 % )    ;
; 25    ;  1 / 24 ( 4 % )    ;
; 26    ;  1 / 24 ( 4 % )    ;
; 27    ;  4 / 24 ( 17 % )   ;
; 28    ;  2 / 24 ( 8 % )    ;
; 29    ;  0 / 24 ( 0 % )    ;
; 30    ;  0 / 24 ( 0 % )    ;
; 31    ;  0 / 24 ( 0 % )    ;
; 32    ;  0 / 24 ( 0 % )    ;
; 33    ;  2 / 24 ( 8 % )    ;
; 34    ;  0 / 24 ( 0 % )    ;
; 35    ;  4 / 24 ( 17 % )   ;
; 36    ;  2 / 24 ( 8 % )    ;
; 37    ;  3 / 24 ( 13 % )   ;
; 38    ;  2 / 24 ( 8 % )    ;
; 39    ;  1 / 24 ( 4 % )    ;
; 40    ;  2 / 24 ( 8 % )    ;
; 41    ;  0 / 24 ( 0 % )    ;
; 42    ;  0 / 24 ( 0 % )    ;
; 43    ;  0 / 24 ( 0 % )    ;
; 44    ;  2 / 24 ( 8 % )    ;
; 45    ;  0 / 24 ( 0 % )    ;
; 46    ;  0 / 24 ( 0 % )    ;
; 47    ;  4 / 24 ( 17 % )   ;
; 48    ;  3 / 24 ( 13 % )   ;
; 49    ;  1 / 24 ( 4 % )    ;
; 50    ;  1 / 24 ( 4 % )    ;
; 51    ;  0 / 24 ( 0 % )    ;
; 52    ;  1 / 24 ( 4 % )    ;
; Total ;  63 / 1248 ( 5 % ) ;
+-------+--------------------+


+---------------------------+
; LAB Column Interconnect   ;
+-------+-------------------+
; Col.  ; Interconnect Used ;
+-------+-------------------+
; 1     ;  13 / 24 ( 54 % ) ;
; Total ;  13 / 24 ( 54 % ) ;
+-------+-------------------+


+--------------------------------------------------------------+
; Fitter Resource Usage Summary                                ;
+-----------------------------------+--------------------------+
; Resource                          ; Usage                    ;
+-----------------------------------+--------------------------+
; Total logic elements              ; 291 / 3,744 ( 8 % )      ;
; Registers                         ; 46 / 3,744 ( 1 % )       ;
; Logic elements in carry chains    ; 24                       ;
; User inserted logic elements      ; 0                        ;
; I/O pins                          ; 87 / 189 ( 46 % )        ;
;     -- Clock pins                 ; 2 / 2 ( 100 % )          ;
;     -- Dedicated input pins       ; 4 / 4 ( 100 % )          ;
; Global signals                    ; 3                        ;
; EABs                              ; 3 / 9 ( 33 % )           ;
; Total memory bits                 ; 6,144 / 18,432 ( 33 % )  ;
; Total RAM block bits              ; 6,144 / 18,432 ( 33 % )  ;
; Maximum fan-out node              ; Clock1Hz:inst21|clockTmp ;
; Maximum fan-out                   ; 94                       ;
; Highest non-global fan-out signal ; controller:inst3|ALUArg  ;
; Highest non-global fan-out        ; 54                       ;
; Total fan-out                     ; 1343                     ;
; Average fan-out                   ; 3.34                     ;
+-----------------------------------+--------------------------+


+-------------------------------------------------------------------------------------------------------------------------------------------------------------------------------------------------------------------------------------------------------------------------------+
; Fitter Resource Utilization by Entity                                                                                                                                                                                                                                         ;
+-----------------------------------------+-------------+--------------+-------------+------+--------------+-------------------+------------------+-----------------+------------+-------------------------------------------------------------------------------+--------------+
; Compilation Hierarchy Node              ; Logic Cells ; LC Registers ; Memory Bits ; Pins ; LUT-Only LCs ; Register-Only LCs ; LUT/Register LCs ; Carry Chain LCs ; Packed LCs ; Full Hierarchy Name                                                           ; Library Name ;
+-----------------------------------------+-------------+--------------+-------------+------+--------------+-------------------+------------------+-----------------+------------+-------------------------------------------------------------------------------+--------------+
; |processor                              ; 291 (6)     ; 46           ; 6144        ; 87   ; 245 (6)      ; 0 (0)             ; 46 (0)           ; 24 (0)          ; 0 (0)      ; |processor                                                                    ; work         ;
;    |Clock1Hz:inst21|                    ; 2 (2)       ; 2            ; 0           ; 0    ; 0 (0)        ; 0 (0)             ; 2 (2)            ; 0 (0)           ; 0 (0)      ; |processor|Clock1Hz:inst21                                                    ; work         ;
;    |adder:inst4|                        ; 7 (0)       ; 0            ; 0           ; 0    ; 7 (0)        ; 0 (0)             ; 0 (0)            ; 7 (0)           ; 0 (0)      ; |processor|adder:inst4                                                        ; work         ;
;       |lpm_add_sub:Add0|                ; 7 (0)       ; 0            ; 0           ; 0    ; 7 (0)        ; 0 (0)             ; 0 (0)            ; 7 (0)           ; 0 (0)      ; |processor|adder:inst4|lpm_add_sub:Add0                                       ; work         ;
;          |addcore:adder|                ; 7 (1)       ; 0            ; 0           ; 0    ; 7 (1)        ; 0 (0)             ; 0 (0)            ; 7 (1)           ; 0 (0)      ; |processor|adder:inst4|lpm_add_sub:Add0|addcore:adder                         ; work         ;
;             |a_csnbuffer:result_node|   ; 6 (6)       ; 0            ; 0           ; 0    ; 6 (6)        ; 0 (0)             ; 0 (0)            ; 6 (6)           ; 0 (0)      ; |processor|adder:inst4|lpm_add_sub:Add0|addcore:adder|a_csnbuffer:result_node ; work         ;
;    |alu:inst12|                         ; 154 (138)   ; 0            ; 0           ; 0    ; 154 (138)    ; 0 (0)             ; 0 (0)            ; 16 (0)          ; 0 (0)      ; |processor|alu:inst12                                                         ; work         ;
;       |lpm_add_sub:Add0|                ; 8 (0)       ; 0            ; 0           ; 0    ; 8 (0)        ; 0 (0)             ; 0 (0)            ; 8 (0)           ; 0 (0)      ; |processor|alu:inst12|lpm_add_sub:Add0                                        ; work         ;
;          |addcore:adder|                ; 8 (1)       ; 0            ; 0           ; 0    ; 8 (1)        ; 0 (0)             ; 0 (0)            ; 8 (1)           ; 0 (0)      ; |processor|alu:inst12|lpm_add_sub:Add0|addcore:adder                          ; work         ;
;             |a_csnbuffer:result_node|   ; 7 (7)       ; 0            ; 0           ; 0    ; 7 (7)        ; 0 (0)             ; 0 (0)            ; 7 (7)           ; 0 (0)      ; |processor|alu:inst12|lpm_add_sub:Add0|addcore:adder|a_csnbuffer:result_node  ; work         ;
;       |lpm_add_sub:Add1|                ; 8 (0)       ; 0            ; 0           ; 0    ; 8 (0)        ; 0 (0)             ; 0 (0)            ; 8 (0)           ; 0 (0)      ; |processor|alu:inst12|lpm_add_sub:Add1                                        ; work         ;
;          |addcore:adder|                ; 8 (1)       ; 0            ; 0           ; 0    ; 8 (1)        ; 0 (0)             ; 0 (0)            ; 8 (1)           ; 0 (0)      ; |processor|alu:inst12|lpm_add_sub:Add1|addcore:adder                          ; work         ;
;             |a_csnbuffer:result_node|   ; 7 (7)       ; 0            ; 0           ; 0    ; 7 (7)        ; 0 (0)             ; 0 (0)            ; 7 (7)           ; 0 (0)      ; |processor|alu:inst12|lpm_add_sub:Add1|addcore:adder|a_csnbuffer:result_node  ; work         ;
;    |alu_control:inst1|                  ; 3 (3)       ; 0            ; 0           ; 0    ; 3 (3)        ; 0 (0)             ; 0 (0)            ; 0 (0)           ; 0 (0)      ; |processor|alu_control:inst1                                                  ; work         ;
;    |controller:inst3|                   ; 12 (12)     ; 12           ; 0           ; 0    ; 0 (0)        ; 0 (0)             ; 12 (12)          ; 0 (0)           ; 0 (0)      ; |processor|controller:inst3                                                   ; work         ;
;    |eightbit_register_file:inst9|       ; 56 (56)     ; 24           ; 0           ; 0    ; 32 (32)      ; 0 (0)             ; 24 (24)          ; 0 (0)           ; 0 (0)      ; |processor|eightbit_register_file:inst9                                       ; work         ;
;    |lpm_ram_dq0:inst13|                 ; 6 (0)       ; 0            ; 2048        ; 0    ; 6 (0)        ; 0 (0)             ; 0 (0)            ; 0 (0)           ; 0 (0)      ; |processor|lpm_ram_dq0:inst13                                                 ; work         ;
;       |lpm_ram_dq:lpm_ram_dq_component| ; 6 (0)       ; 0            ; 2048        ; 0    ; 6 (0)        ; 0 (0)             ; 0 (0)            ; 0 (0)           ; 0 (0)      ; |processor|lpm_ram_dq0:inst13|lpm_ram_dq:lpm_ram_dq_component                 ; work         ;
;          |altram:sram|                  ; 6 (6)       ; 0            ; 2048        ; 0    ; 6 (6)        ; 0 (0)             ; 0 (0)            ; 0 (0)           ; 0 (0)      ; |processor|lpm_ram_dq0:inst13|lpm_ram_dq:lpm_ram_dq_component|altram:sram     ; work         ;
;    |lpm_rom0:inst2|                     ; 0 (0)       ; 0            ; 4096        ; 0    ; 0 (0)        ; 0 (0)             ; 0 (0)            ; 0 (0)           ; 0 (0)      ; |processor|lpm_rom0:inst2                                                     ; work         ;
;       |lpm_rom:lpm_rom_component|       ; 0 (0)       ; 0            ; 4096        ; 0    ; 0 (0)        ; 0 (0)             ; 0 (0)            ; 0 (0)           ; 0 (0)      ; |processor|lpm_rom0:inst2|lpm_rom:lpm_rom_component                           ; work         ;
;          |altrom:srom|                  ; 0 (0)       ; 0            ; 4096        ; 0    ; 0 (0)        ; 0 (0)             ; 0 (0)            ; 0 (0)           ; 0 (0)      ; |processor|lpm_rom0:inst2|lpm_rom:lpm_rom_component|altrom:srom               ; work         ;
;    |mux:inst14|                         ; 8 (8)       ; 0            ; 0           ; 0    ; 8 (8)        ; 0 (0)             ; 0 (0)            ; 0 (0)           ; 0 (0)      ; |processor|mux:inst14                                                         ; work         ;
;    |mux:inst17|                         ; 9 (9)       ; 0            ; 0           ; 0    ; 9 (9)        ; 0 (0)             ; 0 (0)            ; 0 (0)           ; 0 (0)      ; |processor|mux:inst17                                                         ; work         ;
;    |mux:inst5|                          ; 17 (17)     ; 0            ; 0           ; 0    ; 17 (17)      ; 0 (0)             ; 0 (0)            ; 0 (0)           ; 0 (0)      ; |processor|mux:inst5                                                          ; work         ;
;    |mux_3bit:inst10|                    ; 2 (2)       ; 0            ; 0           ; 0    ; 2 (2)        ; 0 (0)             ; 0 (0)            ; 0 (0)           ; 0 (0)      ; |processor|mux_3bit:inst10                                                    ; work         ;
;    |program_counter:inst|               ; 9 (9)       ; 8            ; 0           ; 0    ; 1 (1)        ; 0 (0)             ; 8 (8)            ; 1 (1)           ; 0 (0)      ; |processor|program_counter:inst                                               ; work         ;
+-----------------------------------------+-------------+--------------+-------------+------+--------------+-------------------+------------------+-----------------+------------+-------------------------------------------------------------------------------+--------------+
Note: For table entries with two numbers listed, the numbers in parentheses indicate the number of resources of the given type used by the specific entity alone. The numbers listed outside of parentheses indicate the total resources of the given type used by the specific entity and all of its sub-entities in the hierarchy.


+----------------------------------------------+
; Delay Chain Summary                          ;
+---------------------+----------+-------------+
; Name                ; Pin Type ; Pad to Core ;
+---------------------+----------+-------------+
; on-board_oscillator ; Input    ; OFF         ;
; reset               ; Input    ; OFF         ;
; clocl_output        ; Output   ; OFF         ;
; alu_arg             ; Output   ; OFF         ;
; adder_output[7]     ; Output   ; OFF         ;
; adder_output[6]     ; Output   ; OFF         ;
; adder_output[5]     ; Output   ; OFF         ;
; adder_output[4]     ; Output   ; OFF         ;
; adder_output[3]     ; Output   ; OFF         ;
; adder_output[2]     ; Output   ; OFF         ;
; adder_output[1]     ; Output   ; OFF         ;
; adder_output[0]     ; Output   ; OFF         ;
; alu_mux_out[7]      ; Output   ; OFF         ;
; alu_mux_out[6]      ; Output   ; OFF         ;
; alu_mux_out[5]      ; Output   ; OFF         ;
; alu_mux_out[4]      ; Output   ; OFF         ;
; alu_mux_out[3]      ; Output   ; OFF         ;
; alu_mux_out[2]      ; Output   ; OFF         ;
; alu_mux_out[1]      ; Output   ; OFF         ;
; alu_mux_out[0]      ; Output   ; OFF         ;
; alu_op_code[2]      ; Output   ; OFF         ;
; alu_op_code[1]      ; Output   ; OFF         ;
; alu_op_code[0]      ; Output   ; OFF         ;
; alu_out[7]          ; Output   ; OFF         ;
; alu_out[6]          ; Output   ; OFF         ;
; alu_out[5]          ; Output   ; OFF         ;
; alu_out[4]          ; Output   ; OFF         ;
; alu_out[3]          ; Output   ; OFF         ;
; alu_out[2]          ; Output   ; OFF         ;
; alu_out[1]          ; Output   ; OFF         ;
; alu_out[0]          ; Output   ; OFF         ;
; mem_alu_mux[7]      ; Output   ; OFF         ;
; mem_alu_mux[6]      ; Output   ; OFF         ;
; mem_alu_mux[5]      ; Output   ; OFF         ;
; mem_alu_mux[4]      ; Output   ; OFF         ;
; mem_alu_mux[3]      ; Output   ; OFF         ;
; mem_alu_mux[2]      ; Output   ; OFF         ;
; mem_alu_mux[1]      ; Output   ; OFF         ;
; mem_alu_mux[0]      ; Output   ; OFF         ;
; mux_output[7]       ; Output   ; OFF         ;
; mux_output[6]       ; Output   ; OFF         ;
; mux_output[5]       ; Output   ; OFF         ;
; mux_output[4]       ; Output   ; OFF         ;
; mux_output[3]       ; Output   ; OFF         ;
; mux_output[2]       ; Output   ; OFF         ;
; mux_output[1]       ; Output   ; OFF         ;
; mux_output[0]       ; Output   ; OFF         ;
; pc[7]               ; Output   ; OFF         ;
; pc[6]               ; Output   ; OFF         ;
; pc[5]               ; Output   ; OFF         ;
; pc[4]               ; Output   ; OFF         ;
; pc[3]               ; Output   ; OFF         ;
; pc[2]               ; Output   ; OFF         ;
; pc[1]               ; Output   ; OFF         ;
; pc[0]               ; Output   ; OFF         ;
; register_one[7]     ; Output   ; OFF         ;
; register_one[6]     ; Output   ; OFF         ;
; register_one[5]     ; Output   ; OFF         ;
; register_one[4]     ; Output   ; OFF         ;
; register_one[3]     ; Output   ; OFF         ;
; register_one[2]     ; Output   ; OFF         ;
; register_one[1]     ; Output   ; OFF         ;
; register_one[0]     ; Output   ; OFF         ;
; register_two[7]     ; Output   ; OFF         ;
; register_two[6]     ; Output   ; OFF         ;
; register_two[5]     ; Output   ; OFF         ;
; register_two[4]     ; Output   ; OFF         ;
; register_two[3]     ; Output   ; OFF         ;
; register_two[2]     ; Output   ; OFF         ;
; register_two[1]     ; Output   ; OFF         ;
; register_two[0]     ; Output   ; OFF         ;
; rom_output[15]      ; Output   ; OFF         ;
; rom_output[14]      ; Output   ; OFF         ;
; rom_output[13]      ; Output   ; OFF         ;
; rom_output[12]      ; Output   ; OFF         ;
; rom_output[11]      ; Output   ; OFF         ;
; rom_output[10]      ; Output   ; OFF         ;
; rom_output[9]       ; Output   ; OFF         ;
; rom_output[8]       ; Output   ; OFF         ;
; rom_output[7]       ; Output   ; OFF         ;
; rom_output[6]       ; Output   ; OFF         ;
; rom_output[5]       ; Output   ; OFF         ;
; rom_output[4]       ; Output   ; OFF         ;
; rom_output[3]       ; Output   ; OFF         ;
; rom_output[2]       ; Output   ; OFF         ;
; rom_output[1]       ; Output   ; OFF         ;
; rom_output[0]       ; Output   ; OFF         ;
+---------------------+----------+-------------+


+-----------------------------------------------------------------------------------------------------------------------------------------------------------------------------------------------------------------------------------------------------------------------------------------------+
; Fitter RAM Summary                                                                                                                                                                                                                                                                            ;
+------------------------------------------------------------------------+-------------+--------------+--------------+--------------+--------------+------------------------+-------------------------+------------------------+-------------------------+------+------+---------+--------------+
; Name                                                                   ; Mode        ; Port A Depth ; Port A Width ; Port B Depth ; Port B Width ; Port A Input Registers ; Port A Output Registers ; Port B Input Registers ; Port B Output Registers ; Size ; EABs ; MIF     ; Location     ;
+------------------------------------------------------------------------+-------------+--------------+--------------+--------------+--------------+------------------------+-------------------------+------------------------+-------------------------+------+------+---------+--------------+
; lpm_ram_dq0:inst13|lpm_ram_dq:lpm_ram_dq_component|altram:sram|content ; Single Port ; 256          ; 8            ; --           ; --           ; yes                    ; yes                     ; --                     ; --                      ; 2048 ; 1    ; none    ; ESB_B        ;
; lpm_rom0:inst2|lpm_rom:lpm_rom_component|altrom:srom|content           ; ROM         ; 256          ; 16           ; --           ; --           ; yes                    ; yes                     ; --                     ; --                      ; 4096 ; 2    ; rom.MIF ; ESB_C, ESB_A ;
+------------------------------------------------------------------------+-------------+--------------+--------------+--------------+--------------+------------------------+-------------------------+------------------------+-------------------------+------+------+---------+--------------+
Note: Fitter may spread logical memories into multiple blocks to improve timing. The actual required RAM blocks can be found in the Fitter Resource Usage section.


+--------------+
; Pin-Out File ;
+--------------+
The pin-out file can be found in C:/Users/Brian/Documents/GitHub/Processor/Processor.pin.


+-----------------+
; Fitter Messages ;
+-----------------+
Info: *******************************************************************
Info: Running Quartus II Fitter
    Info: Version 9.0 Build 235 06/17/2009 Service Pack 2 SJ Web Edition
    Info: Processing started: Wed Dec 12 00:35:07 2012
Info: Command: quartus_fit --read_settings_files=off --write_settings_files=off Processor -c Processor
Info: Selected device EPF10K70RC240-4 for design "Processor"
Warning: Feature SignalProbe is not available with your current license
Info: Fitter is using the Classic Timing Analyzer
Info: Timing requirements not specified -- optimizing circuit to achieve the following default global requirements
    Info: Assuming a global fmax requirement of 1000 MHz
    Info: Not setting a global tsu requirement
    Info: Not setting a global tco requirement
    Info: Not setting a global tpd requirement
Info: Inserted 1 logic cells in first fitting attempt
Info: Started fitting attempt 1 on Wed Dec 12 2012 at 00:35:07
Info: Fitter placement preparation operations beginning
Info: Fitter placement preparation operations ending: elapsed time is 00:00:00
Info: Fitter placement operations beginning
Info: Fitter placement operations ending: elapsed time is 00:00:01
Info: Fitter routing operations beginning
Info: Fitter routing operations ending: elapsed time is 00:00:01
Info: Quartus II Fitter was successful. 0 errors, 1 warning
    Info: Peak virtual memory: 213 megabytes
    Info: Processing ended: Wed Dec 12 00:35:12 2012
    Info: Elapsed time: 00:00:05
    Info: Total CPU time (on all processors): 00:00:04


