Flow report for Processor
Wed Dec 12 19:12:29 2012
Quartus II Version 9.0 Build 235 06/17/2009 Service Pack 2 SJ Web Edition


---------------------
; Table of Contents ;
---------------------
  1. Legal Notice
  2. Flow Summary
  3. Flow Settings
  4. Flow Non-Default Global Settings
  5. Flow Elapsed Time
  6. Flow OS Summary
  7. Flow Log



----------------
; Legal Notice ;
----------------
Copyright (C) 1991-2009 Altera Corporation
Your use of Altera Corporation's design tools, logic functions 
and other software and tools, and its AMPP partner logic 
functions, and any output files from any of the foregoing 
(including device programming or simulation files), and any 
associated documentation or information are expressly subject 
to the terms and conditions of the Altera Program License 
Subscription Agreement, Altera MegaCore Function License 
Agreement, or other applicable license agreement, including, 
without limitation, that your use is for the sole purpose of 
programming logic devices manufactured by Altera and sold by 
Altera or its authorized distributors.  Please refer to the 
applicable agreement for further details.



+------------------------------------------------------------------------+
; Flow Summary                                                           ;
+-------------------------+----------------------------------------------+
; Flow Status             ; Successful - Wed Dec 12 19:12:29 2012        ;
; Quartus II Version      ; 9.0 Build 235 06/17/2009 SP 2 SJ Web Edition ;
; Revision Name           ; Processor                                    ;
; Top-level Entity Name   ; processor                                    ;
; Family                  ; FLEX10K                                      ;
; Device                  ; EPF10K70RC240-4                              ;
; Timing Models           ; Final                                        ;
; Met timing requirements ; N/A                                          ;
; Total logic elements    ; 457                                          ;
; Total pins              ; 124                                          ;
; Total memory bits       ; 6,368                                        ;
+-------------------------+----------------------------------------------+


+-----------------------------------------+
; Flow Settings                           ;
+-------------------+---------------------+
; Option            ; Setting             ;
+-------------------+---------------------+
; Start date & time ; 12/12/2012 19:12:26 ;
; Main task         ; Compilation         ;
; Revision Name     ; Processor           ;
+-------------------+---------------------+


+---------------------------------------------------------------------------------------------------------------------------------------------+
; Flow Non-Default Global Settings                                                                                                            ;
+------------------------------------+---------------------------------------------------------+---------------+-------------+----------------+
; Assignment Name                    ; Value                                                   ; Default Value ; Entity Name ; Section Id     ;
+------------------------------------+---------------------------------------------------------+---------------+-------------+----------------+
; COMPILER_SIGNATURE_ID              ; 128527083110657.135536114602092                         ; --            ; --          ; --             ;
; IP_TOOL_NAME                       ; LPM_ROM                                                 ; --            ; --          ; --             ;
; IP_TOOL_NAME                       ; LPM_RAM_DQ                                              ; --            ; --          ; --             ;
; IP_TOOL_NAME                       ; LPM_ROM                                                 ; --            ; --          ; --             ;
; IP_TOOL_NAME                       ; LPM_ROM                                                 ; --            ; --          ; --             ;
; IP_TOOL_VERSION                    ; 9.0                                                     ; --            ; --          ; --             ;
; IP_TOOL_VERSION                    ; 9.0                                                     ; --            ; --          ; --             ;
; IP_TOOL_VERSION                    ; 9.0                                                     ; --            ; --          ; --             ;
; IP_TOOL_VERSION                    ; 9.0                                                     ; --            ; --          ; --             ;
; MAX_CORE_JUNCTION_TEMP             ; 85                                                      ; --            ; --          ; --             ;
; MIN_CORE_JUNCTION_TEMP             ; 0                                                       ; --            ; --          ; --             ;
; MISC_FILE                          ; C:/Users/Paul/Documents/GitHub/Processor/Processor.dpf  ; --            ; --          ; --             ;
; MISC_FILE                          ; lpm_rom0.bsf                                            ; --            ; --          ; --             ;
; MISC_FILE                          ; lpm_rom0.cmp                                            ; --            ; --          ; --             ;
; MISC_FILE                          ; lpm_ram_dq0.bsf                                         ; --            ; --          ; --             ;
; MISC_FILE                          ; lpm_ram_dq0.cmp                                         ; --            ; --          ; --             ;
; MISC_FILE                          ; lpm_rom1.bsf                                            ; --            ; --          ; --             ;
; MISC_FILE                          ; lpm_rom1.cmp                                            ; --            ; --          ; --             ;
; MISC_FILE                          ; lpm_rom2.bsf                                            ; --            ; --          ; --             ;
; MISC_FILE                          ; lpm_rom2.cmp                                            ; --            ; --          ; --             ;
; MISC_FILE                          ; C:/Users/Brian/Documents/GitHub/Processor/Processor.dpf ; --            ; --          ; --             ;
; USE_GENERATED_PHYSICAL_CONSTRAINTS ; Off                                                     ; --            ; --          ; eda_blast_fpga ;
+------------------------------------+---------------------------------------------------------+---------------+-------------+----------------+


+--------------------------------------------------------------------------------------------------------------------------+
; Flow Elapsed Time                                                                                                        ;
+----------------------+--------------+-------------------------+---------------------+------------------------------------+
; Module Name          ; Elapsed Time ; Average Processors Used ; Peak Virtual Memory ; Total CPU Time (on all processors) ;
+----------------------+--------------+-------------------------+---------------------+------------------------------------+
; Analysis & Synthesis ; 00:00:03     ; 1.0                     ; 242 MB              ; 00:00:03                           ;
; Total                ; 00:00:03     ; --                      ; --                  ; 00:00:03                           ;
+----------------------+--------------+-------------------------+---------------------+------------------------------------+


+---------------------------------------------------------------------------------------+
; Flow OS Summary                                                                       ;
+----------------------+------------------+---------------+------------+----------------+
; Module Name          ; Machine Hostname ; OS Name       ; OS Version ; Processor type ;
+----------------------+------------------+---------------+------------+----------------+
; Analysis & Synthesis ; Paul-PC          ; Windows Vista ; 6.1        ; x86_64         ;
+----------------------+------------------+---------------+------------+----------------+


------------
; Flow Log ;
------------
quartus_map --read_settings_files=on --write_settings_files=off Processor -c Processor



