Classic Timing Analyzer report for Processor
Thu Dec 06 22:52:54 2012
Quartus II Version 9.0 Build 235 06/17/2009 Service Pack 2 SJ Web Edition


---------------------
; Table of Contents ;
---------------------
  1. Legal Notice
  2. Timing Analyzer Summary
  3. Timing Analyzer Settings
  4. Clock Settings Summary
  5. Parallel Compilation
  6. tsu
  7. tco
  8. th
  9. Timing Analyzer Messages



----------------
; Legal Notice ;
----------------
Copyright (C) 1991-2009 Altera Corporation
Your use of Altera Corporation's design tools, logic functions 
and other software and tools, and its AMPP partner logic 
functions, and any output files from any of the foregoing 
(including device programming or simulation files), and any 
associated documentation or information are expressly subject 
to the terms and conditions of the Altera Program License 
Subscription Agreement, Altera MegaCore Function License 
Agreement, or other applicable license agreement, including, 
without limitation, that your use is for the sole purpose of 
programming logic devices manufactured by Altera and sold by 
Altera or its authorized distributors.  Please refer to the 
applicable agreement for further details.



+---------------------------------------------------------------------------------------------------------------------------------------------------------------------------+
; Timing Analyzer Summary                                                                                                                                                   ;
+------------------------------+-------+---------------+-------------+-------------------------------+-------------------------------+------------+----------+--------------+
; Type                         ; Slack ; Required Time ; Actual Time ; From                          ; To                            ; From Clock ; To Clock ; Failed Paths ;
+------------------------------+-------+---------------+-------------+-------------------------------+-------------------------------+------------+----------+--------------+
; Worst-case tsu               ; N/A   ; None          ; 12.700 ns   ; a_in[3]                       ; program_counter:inst|a_out[3] ; --         ; clk_in   ; 0            ;
; Worst-case tco               ; N/A   ; None          ; 16.100 ns   ; program_counter:inst|a_out[7] ; a_out[7]                      ; clk_in     ; --       ; 0            ;
; Worst-case th                ; N/A   ; None          ; -1.000 ns   ; a_in[6]                       ; program_counter:inst|a_out[6] ; --         ; clk_in   ; 0            ;
; Total number of failed paths ;       ;               ;             ;                               ;                               ;            ;          ; 0            ;
+------------------------------+-------+---------------+-------------+-------------------------------+-------------------------------+------------+----------+--------------+


+--------------------------------------------------------------------------------------------------------------------+
; Timing Analyzer Settings                                                                                           ;
+---------------------------------------------------------------------+--------------------+------+----+-------------+
; Option                                                              ; Setting            ; From ; To ; Entity Name ;
+---------------------------------------------------------------------+--------------------+------+----+-------------+
; Device Name                                                         ; EPF10K70RC240-4    ;      ;    ;             ;
; Timing Models                                                       ; Final              ;      ;    ;             ;
; Default hold multicycle                                             ; Same as Multicycle ;      ;    ;             ;
; Cut paths between unrelated clock domains                           ; On                 ;      ;    ;             ;
; Cut off read during write signal paths                              ; On                 ;      ;    ;             ;
; Cut off feedback from I/O pins                                      ; On                 ;      ;    ;             ;
; Report Combined Fast/Slow Timing                                    ; Off                ;      ;    ;             ;
; Ignore Clock Settings                                               ; Off                ;      ;    ;             ;
; Analyze latches as synchronous elements                             ; On                 ;      ;    ;             ;
; Enable Recovery/Removal analysis                                    ; Off                ;      ;    ;             ;
; Enable Clock Latency                                                ; Off                ;      ;    ;             ;
; Use TimeQuest Timing Analyzer                                       ; Off                ;      ;    ;             ;
; Minimum Core Junction Temperature                                   ; 0                  ;      ;    ;             ;
; Maximum Core Junction Temperature                                   ; 85                 ;      ;    ;             ;
; Number of source nodes to report per destination node               ; 10                 ;      ;    ;             ;
; Number of destination nodes to report                               ; 10                 ;      ;    ;             ;
; Number of paths to report                                           ; 200                ;      ;    ;             ;
; Report Minimum Timing Checks                                        ; Off                ;      ;    ;             ;
; Use Fast Timing Models                                              ; Off                ;      ;    ;             ;
; Report IO Paths Separately                                          ; Off                ;      ;    ;             ;
; Perform Multicorner Analysis                                        ; Off                ;      ;    ;             ;
; Reports the worst-case path for each clock domain and analysis      ; Off                ;      ;    ;             ;
; Removes common clock path pessimism (CCPP) during slack computation ; Off                ;      ;    ;             ;
; Output I/O Timing Endpoint                                          ; Near End           ;      ;    ;             ;
+---------------------------------------------------------------------+--------------------+------+----+-------------+


+------------------------------------------------------------------------------------------------------------------------------------------------------------------------------------+
; Clock Settings Summary                                                                                                                                                             ;
+-----------------+--------------------+----------+------------------+---------------+--------------+----------+-----------------------+---------------------+--------+--------------+
; Clock Node Name ; Clock Setting Name ; Type     ; Fmax Requirement ; Early Latency ; Late Latency ; Based on ; Multiply Base Fmax by ; Divide Base Fmax by ; Offset ; Phase offset ;
+-----------------+--------------------+----------+------------------+---------------+--------------+----------+-----------------------+---------------------+--------+--------------+
; clk_in          ;                    ; User Pin ; None             ; 0.000 ns      ; 0.000 ns     ; --       ; N/A                   ; N/A                 ; N/A    ;              ;
+-----------------+--------------------+----------+------------------+---------------+--------------+----------+-----------------------+---------------------+--------+--------------+


Parallel compilation was disabled, but you have multiple processors available. Enable parallel compilation to reduce compilation time.
+-------------------------------------+
; Parallel Compilation                ;
+----------------------------+--------+
; Processors                 ; Number ;
+----------------------------+--------+
; Number detected on machine ; 4      ;
; Maximum allowed            ; 1      ;
+----------------------------+--------+


+----------------------------------------------------------------------------------------+
; tsu                                                                                    ;
+-------+--------------+------------+---------+-------------------------------+----------+
; Slack ; Required tsu ; Actual tsu ; From    ; To                            ; To Clock ;
+-------+--------------+------------+---------+-------------------------------+----------+
; N/A   ; None         ; 12.700 ns  ; a_in[3] ; program_counter:inst|a_out[3] ; clk_in   ;
; N/A   ; None         ; 12.200 ns  ; a_in[2] ; program_counter:inst|a_out[2] ; clk_in   ;
; N/A   ; None         ; 11.300 ns  ; a_in[0] ; program_counter:inst|a_out[0] ; clk_in   ;
; N/A   ; None         ; 10.600 ns  ; a_in[1] ; program_counter:inst|a_out[1] ; clk_in   ;
; N/A   ; None         ; 7.400 ns   ; a_in[5] ; program_counter:inst|a_out[5] ; clk_in   ;
; N/A   ; None         ; 7.300 ns   ; a_in[7] ; program_counter:inst|a_out[7] ; clk_in   ;
; N/A   ; None         ; 7.200 ns   ; a_in[4] ; program_counter:inst|a_out[4] ; clk_in   ;
; N/A   ; None         ; 6.700 ns   ; a_in[6] ; program_counter:inst|a_out[6] ; clk_in   ;
+-------+--------------+------------+---------+-------------------------------+----------+


+-------------------------------------------------------------------------------------------+
; tco                                                                                       ;
+-------+--------------+------------+-------------------------------+----------+------------+
; Slack ; Required tco ; Actual tco ; From                          ; To       ; From Clock ;
+-------+--------------+------------+-------------------------------+----------+------------+
; N/A   ; None         ; 16.100 ns  ; program_counter:inst|a_out[5] ; a_out[5] ; clk_in     ;
; N/A   ; None         ; 16.100 ns  ; program_counter:inst|a_out[7] ; a_out[7] ; clk_in     ;
; N/A   ; None         ; 16.000 ns  ; program_counter:inst|a_out[0] ; a_out[0] ; clk_in     ;
; N/A   ; None         ; 15.900 ns  ; program_counter:inst|a_out[1] ; a_out[1] ; clk_in     ;
; N/A   ; None         ; 15.900 ns  ; program_counter:inst|a_out[3] ; a_out[3] ; clk_in     ;
; N/A   ; None         ; 15.900 ns  ; program_counter:inst|a_out[6] ; a_out[6] ; clk_in     ;
; N/A   ; None         ; 15.800 ns  ; program_counter:inst|a_out[2] ; a_out[2] ; clk_in     ;
; N/A   ; None         ; 15.800 ns  ; program_counter:inst|a_out[4] ; a_out[4] ; clk_in     ;
+-------+--------------+------------+-------------------------------+----------+------------+


+----------------------------------------------------------------------------------------------+
; th                                                                                           ;
+---------------+-------------+-----------+---------+-------------------------------+----------+
; Minimum Slack ; Required th ; Actual th ; From    ; To                            ; To Clock ;
+---------------+-------------+-----------+---------+-------------------------------+----------+
; N/A           ; None        ; -1.000 ns ; a_in[6] ; program_counter:inst|a_out[6] ; clk_in   ;
; N/A           ; None        ; -1.500 ns ; a_in[4] ; program_counter:inst|a_out[4] ; clk_in   ;
; N/A           ; None        ; -1.600 ns ; a_in[7] ; program_counter:inst|a_out[7] ; clk_in   ;
; N/A           ; None        ; -1.700 ns ; a_in[5] ; program_counter:inst|a_out[5] ; clk_in   ;
; N/A           ; None        ; -4.900 ns ; a_in[1] ; program_counter:inst|a_out[1] ; clk_in   ;
; N/A           ; None        ; -5.600 ns ; a_in[0] ; program_counter:inst|a_out[0] ; clk_in   ;
; N/A           ; None        ; -6.500 ns ; a_in[2] ; program_counter:inst|a_out[2] ; clk_in   ;
; N/A           ; None        ; -7.000 ns ; a_in[3] ; program_counter:inst|a_out[3] ; clk_in   ;
+---------------+-------------+-----------+---------+-------------------------------+----------+


+--------------------------+
; Timing Analyzer Messages ;
+--------------------------+
Info: *******************************************************************
Info: Running Quartus II Classic Timing Analyzer
    Info: Version 9.0 Build 235 06/17/2009 Service Pack 2 SJ Web Edition
    Info: Processing started: Thu Dec 06 22:52:54 2012
Info: Command: quartus_tan --read_settings_files=off --write_settings_files=off Processor -c Processor
Info: Started post-fitting delay annotation
Info: Delay annotation completed successfully
Warning: Found pins functioning as undefined clocks and/or memory enables
    Info: Assuming node "clk_in" is an undefined clock
Info: No valid register-to-register data paths exist for clock "clk_in"
Info: tsu for register "program_counter:inst|a_out[3]" (data pin = "a_in[3]", clock pin = "clk_in") is 12.700 ns
    Info: + Longest pin to register delay is 17.100 ns
        Info: 1: + IC(0.000 ns) + CELL(10.300 ns) = 10.300 ns; Loc. = PIN_23; Fanout = 1; PIN Node = 'a_in[3]'
        Info: 2: + IC(5.100 ns) + CELL(1.700 ns) = 17.100 ns; Loc. = LC1_C8; Fanout = 1; REG Node = 'program_counter:inst|a_out[3]'
        Info: Total cell delay = 12.000 ns ( 70.18 % )
        Info: Total interconnect delay = 5.100 ns ( 29.82 % )
    Info: + Micro setup delay of destination is 2.600 ns
    Info: - Shortest clock path from clock "clk_in" to destination register is 7.000 ns
        Info: 1: + IC(0.000 ns) + CELL(2.900 ns) = 2.900 ns; Loc. = PIN_211; Fanout = 8; CLK Node = 'clk_in'
        Info: 2: + IC(4.100 ns) + CELL(0.000 ns) = 7.000 ns; Loc. = LC1_C8; Fanout = 1; REG Node = 'program_counter:inst|a_out[3]'
        Info: Total cell delay = 2.900 ns ( 41.43 % )
        Info: Total interconnect delay = 4.100 ns ( 58.57 % )
Info: tco from clock "clk_in" to destination pin "a_out[5]" through register "program_counter:inst|a_out[5]" is 16.100 ns
    Info: + Longest clock path from clock "clk_in" to source register is 7.000 ns
        Info: 1: + IC(0.000 ns) + CELL(2.900 ns) = 2.900 ns; Loc. = PIN_211; Fanout = 8; CLK Node = 'clk_in'
        Info: 2: + IC(4.100 ns) + CELL(0.000 ns) = 7.000 ns; Loc. = LC2_I25; Fanout = 1; REG Node = 'program_counter:inst|a_out[5]'
        Info: Total cell delay = 2.900 ns ( 41.43 % )
        Info: Total interconnect delay = 4.100 ns ( 58.57 % )
    Info: + Micro clock to output delay of source is 1.400 ns
    Info: + Longest register to pin delay is 7.700 ns
        Info: 1: + IC(0.000 ns) + CELL(0.000 ns) = 0.000 ns; Loc. = LC2_I25; Fanout = 1; REG Node = 'program_counter:inst|a_out[5]'
        Info: 2: + IC(2.700 ns) + CELL(5.000 ns) = 7.700 ns; Loc. = PIN_129; Fanout = 0; PIN Node = 'a_out[5]'
        Info: Total cell delay = 5.000 ns ( 64.94 % )
        Info: Total interconnect delay = 2.700 ns ( 35.06 % )
Info: th for register "program_counter:inst|a_out[6]" (data pin = "a_in[6]", clock pin = "clk_in") is -1.000 ns
    Info: + Longest clock path from clock "clk_in" to destination register is 7.000 ns
        Info: 1: + IC(0.000 ns) + CELL(2.900 ns) = 2.900 ns; Loc. = PIN_211; Fanout = 8; CLK Node = 'clk_in'
        Info: 2: + IC(4.100 ns) + CELL(0.000 ns) = 7.000 ns; Loc. = LC8_G9; Fanout = 1; REG Node = 'program_counter:inst|a_out[6]'
        Info: Total cell delay = 2.900 ns ( 41.43 % )
        Info: Total interconnect delay = 4.100 ns ( 58.57 % )
    Info: + Micro hold delay of destination is 3.100 ns
    Info: - Shortest pin to register delay is 11.100 ns
        Info: 1: + IC(0.000 ns) + CELL(2.900 ns) = 2.900 ns; Loc. = PIN_210; Fanout = 1; PIN Node = 'a_in[6]'
        Info: 2: + IC(6.500 ns) + CELL(1.700 ns) = 11.100 ns; Loc. = LC8_G9; Fanout = 1; REG Node = 'program_counter:inst|a_out[6]'
        Info: Total cell delay = 4.600 ns ( 41.44 % )
        Info: Total interconnect delay = 6.500 ns ( 58.56 % )
Info: Quartus II Classic Timing Analyzer was successful. 0 errors, 1 warning
    Info: Peak virtual memory: 177 megabytes
    Info: Processing ended: Thu Dec 06 22:52:54 2012
    Info: Elapsed time: 00:00:00
    Info: Total CPU time (on all processors): 00:00:00


